<?xml version="1.0" encoding="UTF-8"?>
<robot generator="Robot 5.0 (Python 3.9.10 on win32)" generated="20220407 15:40:30.030" rpa="false" schemaversion="3">
<suite id="s1" name="App" source="C:\Users\Muheesh\PycharmProjects\Assignment07.04\Tests\Flipkart\FunctionalTestSuite\App.robot">
<test id="s1-t1" name="Google Search Test" line="11">
<kw name="Open Browser" library="SeleniumLibrary">
<arg>${google_url}</arg>
<arg>chrome</arg>
<doc>Opens a new browser instance to the optional ``url``.</doc>
<msg timestamp="20220407 15:40:30.174" level="INFO">Opening browser 'chrome' to base url 'https://www.google.com/'.</msg>
<status status="PASS" starttime="20220407 15:40:30.174" endtime="20220407 15:40:33.780"/>
</kw>
<kw name="Maximize Browser Window" library="SeleniumLibrary">
<doc>Maximizes current browser window.</doc>
<status status="PASS" starttime="20220407 15:40:33.780" endtime="20220407 15:40:33.902"/>
</kw>
<kw name="Search Flipkart">
<kw name="Input Text" library="SeleniumLibrary">
<arg>name:q</arg>
<arg>${search_data}</arg>
<doc>Types the given ``text`` into the text field identified by ``locator``.</doc>
<msg timestamp="20220407 15:40:33.903" level="INFO">Typing text 'flipkart' into text field 'name:q'.</msg>
<status status="PASS" starttime="20220407 15:40:33.902" endtime="20220407 15:40:33.962"/>
</kw>
<status status="PASS" starttime="20220407 15:40:33.902" endtime="20220407 15:40:33.962"/>
</kw>
<kw name="Submit Form" library="SeleniumLibrary">
<doc>Submits a form identified by ``locator``.</doc>
<msg timestamp="20220407 15:40:33.963" level="INFO">Submitting form 'None'.</msg>
<status status="PASS" starttime="20220407 15:40:33.962" endtime="20220407 15:40:37.768"/>
</kw>
<kw name="Click Element" library="SeleniumLibrary">
<arg>class:LC20lb</arg>
<doc>Click the element identified by ``locator``.</doc>
<msg timestamp="20220407 15:40:37.769" level="INFO">Clicking element 'class:LC20lb'.</msg>
<status status="PASS" starttime="20220407 15:40:37.769" endtime="20220407 15:40:42.145"/>
</kw>
<doc>This test is to open google</doc>
<tag>google</tag>
<status status="PASS" starttime="20220407 15:40:30.173" endtime="20220407 15:40:42.146"/>
</test>
<test id="s1-t2" name="Flipkart Search Test" line="20">
<kw name="Sleep" library="BuiltIn">
<arg>1s</arg>
<doc>Pauses the test executed for the given time.</doc>
<msg timestamp="20220407 15:40:43.150" level="INFO">Slept 1 second</msg>
<status status="PASS" starttime="20220407 15:40:42.147" endtime="20220407 15:40:43.150"/>
</kw>
<kw name="Click Button" library="SeleniumLibrary">
<arg>class:_2KpZ6l</arg>
<doc>Clicks the button identified by ``locator``.</doc>
<msg timestamp="20220407 15:40:43.150" level="INFO">Clicking button 'class:_2KpZ6l'.</msg>
<status status="PASS" starttime="20220407 15:40:43.150" endtime="20220407 15:40:43.237"/>
</kw>
<kw name="Search Product">
<kw name="Input Text" library="SeleniumLibrary">
<arg>name:q</arg>
<arg>${search_product}</arg>
<doc>Types the given ``text`` into the text field identified by ``locator``.</doc>
<msg timestamp="20220407 15:40:43.238" level="INFO">Typing text 'iphone 13pro 128gb' into text field 'name:q'.</msg>
<status status="PASS" starttime="20220407 15:40:43.237" endtime="20220407 15:40:43.377"/>
</kw>
<status status="PASS" starttime="20220407 15:40:43.237" endtime="20220407 15:40:43.377"/>
</kw>
<kw name="Sleep" library="BuiltIn">
<arg>1s</arg>
<doc>Pauses the test executed for the given time.</doc>
<msg timestamp="20220407 15:40:44.380" level="INFO">Slept 1 second</msg>
<status status="PASS" starttime="20220407 15:40:43.377" endtime="20220407 15:40:44.380"/>
</kw>
<kw name="Click Button" library="SeleniumLibrary">
<arg>class:L0Z3Pu</arg>
<doc>Clicks the button identified by ``locator``.</doc>
<msg timestamp="20220407 15:40:44.381" level="INFO">Clicking button 'class:L0Z3Pu'.</msg>
<status status="PASS" starttime="20220407 15:40:44.380" endtime="20220407 15:40:44.428"/>
</kw>
<kw name="Sleep" library="BuiltIn">
<arg>1s</arg>
<doc>Pauses the test executed for the given time.</doc>
<msg timestamp="20220407 15:40:45.436" level="INFO">Slept 1 second</msg>
<status status="PASS" starttime="20220407 15:40:44.429" endtime="20220407 15:40:45.436"/>
</kw>
<kw name="Scroll Element Into View" library="SeleniumLibrary">
<arg>xpath=//html/body/div[1]/div/div[3]/div[1]/div[2]/div[4]/div/div/div/a/div[2]/div[1]/div[1]</arg>
<doc>Scrolls the element identified by ``locator`` into view.</doc>
<status status="PASS" starttime="20220407 15:40:45.436" endtime="20220407 15:40:45.729"/>
</kw>
<kw name="Sleep" library="BuiltIn">
<arg>1s</arg>
<doc>Pauses the test executed for the given time.</doc>
<msg timestamp="20220407 15:40:46.732" level="INFO">Slept 1 second</msg>
<status status="PASS" starttime="20220407 15:40:45.730" endtime="20220407 15:40:46.732"/>
</kw>
<kw name="Click Element" library="SeleniumLibrary">
<arg>xpath=//html/body/div[1]/div/div[3]/div[1]/div[2]/div[4]/div/div/div/a/div[2]/div[1]/div[1]</arg>
<doc>Click the element identified by ``locator``.</doc>
<msg timestamp="20220407 15:40:46.733" level="INFO">Clicking element 'xpath=//html/body/div[1]/div/div[3]/div[1]/div[2]/div[4]/div/div/div/a/div[2]/div[1]/div[1]'.</msg>
<status status="PASS" starttime="20220407 15:40:46.732" endtime="20220407 15:40:46.788"/>
</kw>
<kw name="Sleep" library="BuiltIn">
<arg>2s</arg>
<doc>Pauses the test executed for the given time.</doc>
<msg timestamp="20220407 15:40:48.796" level="INFO">Slept 2 seconds</msg>
<status status="PASS" starttime="20220407 15:40:46.788" endtime="20220407 15:40:48.796"/>
</kw>
<doc>This test is to open flipkart</doc>
<tag>Shopping App</tag>
<status status="PASS" starttime="20220407 15:40:42.146" endtime="20220407 15:40:48.796"/>
</test>
<test id="s1-t3" name="But Laptop Test" line="34">
<kw name="Switch Window" library="SeleniumLibrary">
<arg>title: ${title_tag}</arg>
<doc>Switches to browser window matching ``locator``.</doc>
<status status="PASS" starttime="20220407 15:40:48.797" endtime="20220407 15:40:49.000"/>
</kw>
<kw name="Click Element" library="SeleniumLibrary">
<arg>xpath=//html/body/div[1]/div/div[3]/div[1]/div[1]/div[2]/div/ul/li[2]/form/button</arg>
<doc>Click the element identified by ``locator``.</doc>
<msg timestamp="20220407 15:40:49.001" level="INFO">Clicking element 'xpath=//html/body/div[1]/div/div[3]/div[1]/div[1]/div[2]/div/ul/li[2]/form/button'.</msg>
<status status="PASS" starttime="20220407 15:40:49.001" endtime="20220407 15:40:49.201"/>
</kw>
<kw name="Sleep" library="BuiltIn">
<arg>1s</arg>
<doc>Pauses the test executed for the given time.</doc>
<msg timestamp="20220407 15:40:50.206" level="INFO">Slept 1 second</msg>
<status status="PASS" starttime="20220407 15:40:49.201" endtime="20220407 15:40:50.206"/>
</kw>
<kw name="Enter Email">
<kw name="Input Text" library="SeleniumLibrary">
<arg>class:_2IX_2-</arg>
<arg>${email_id}</arg>
<doc>Types the given ``text`` into the text field identified by ``locator``.</doc>
<msg timestamp="20220407 15:40:50.207" level="INFO">Typing text 'muheeshas@gmail.com' into text field 'class:_2IX_2-'.</msg>
<status status="PASS" starttime="20220407 15:40:50.206" endtime="20220407 15:40:50.446"/>
</kw>
<status status="PASS" starttime="20220407 15:40:50.206" endtime="20220407 15:40:50.446"/>
</kw>
<kw name="Sleep" library="BuiltIn">
<arg>1s</arg>
<doc>Pauses the test executed for the given time.</doc>
<msg timestamp="20220407 15:40:51.453" level="INFO">Slept 1 second</msg>
<status status="PASS" starttime="20220407 15:40:50.446" endtime="20220407 15:40:51.453"/>
</kw>
<kw name="Click Button" library="SeleniumLibrary">
<arg>class:_20xBvF</arg>
<doc>Clicks the button identified by ``locator``.</doc>
<msg timestamp="20220407 15:40:51.453" level="INFO">Clicking button 'class:_20xBvF'.</msg>
<status status="PASS" starttime="20220407 15:40:51.453" endtime="20220407 15:40:51.501"/>
</kw>
<kw name="Sleep" library="BuiltIn">
<arg>1s</arg>
<doc>Pauses the test executed for the given time.</doc>
<msg timestamp="20220407 15:40:52.508" level="INFO">Slept 1 second</msg>
<status status="PASS" starttime="20220407 15:40:51.501" endtime="20220407 15:40:52.508"/>
</kw>
<kw name="Enter Anonymn">
<kw name="Input Text" library="SeleniumLibrary">
<arg>xpath=//html/body/div[1]/div/div[2]/div/div[1]/div[1]/div/div/div/div/div[1]/div/form/div[2]/input</arg>
<arg>${text_anonymous}</arg>
<doc>Types the given ``text`` into the text field identified by ``locator``.</doc>
<msg timestamp="20220407 15:40:52.509" level="INFO">Typing text '9443208693' into text field 'xpath=//html/body/div[1]/div/div[2]/div/div[1]/div[1]/div/div/div/div/div[1]/div/form/div[2]/input'.</msg>
<status status="PASS" starttime="20220407 15:40:52.509" endtime="20220407 15:40:52.559"/>
</kw>
<status status="PASS" starttime="20220407 15:40:52.508" endtime="20220407 15:40:52.559"/>
</kw>
<kw name="Sleep" library="BuiltIn">
<arg>1s</arg>
<doc>Pauses the test executed for the given time.</doc>
<msg timestamp="20220407 15:40:53.567" level="INFO">Slept 1 second</msg>
<status status="PASS" starttime="20220407 15:40:52.560" endtime="20220407 15:40:53.567"/>
</kw>
<kw name="Click Button" library="SeleniumLibrary">
<arg>class:_3AWRsL</arg>
<doc>Clicks the button identified by ``locator``.</doc>
<msg timestamp="20220407 15:40:53.568" level="INFO">Clicking button 'class:_3AWRsL'.</msg>
<status status="PASS" starttime="20220407 15:40:53.567" endtime="20220407 15:40:53.610"/>
</kw>
<kw name="Sleep" library="BuiltIn">
<arg>1s</arg>
<doc>Pauses the test executed for the given time.</doc>
<msg timestamp="20220407 15:40:54.626" level="INFO">Slept 1 second</msg>
<status status="PASS" starttime="20220407 15:40:53.611" endtime="20220407 15:40:54.626"/>
</kw>
<kw name="Click Button" library="SeleniumLibrary">
<arg>class:_2KpZ6l</arg>
<doc>Clicks the button identified by ``locator``.</doc>
<msg timestamp="20220407 15:40:54.626" level="INFO">Clicking button 'class:_2KpZ6l'.</msg>
<status status="PASS" starttime="20220407 15:40:54.626" endtime="20220407 15:40:54.691"/>
</kw>
<kw name="Sleep" library="BuiltIn">
<arg>1s</arg>
<doc>Pauses the test executed for the given time.</doc>
<msg timestamp="20220407 15:40:55.698" level="INFO">Slept 1 second</msg>
<status status="PASS" starttime="20220407 15:40:54.691" endtime="20220407 15:40:55.698"/>
</kw>
<doc>This test is to buy a Iphone</doc>
<tag>Shopping App</tag>
<status status="PASS" starttime="20220407 15:40:48.797" endtime="20220407 15:40:55.698"/>
</test>
<status status="PASS" starttime="20220407 15:40:30.031" endtime="20220407 15:40:55.699"/>
</suite>
<statistics>
<total>
<stat pass="3" fail="0" skip="0">All Tests</stat>
</total>
<tag>
<stat pass="1" fail="0" skip="0">google</stat>
<stat pass="2" fail="0" skip="0">Shopping App</stat>
</tag>
<suite>
<stat pass="3" fail="0" skip="0" id="s1" name="App">App</stat>
</suite>
</statistics>
<errors>
</errors>
</robot>
